# JRE version: Java(TM) SE Runtime Environment (8.0_202-b08) (build 1.8.0_202-b08)
# Java VM: Java HotSpot(TM) 64-Bit Server VM (25.202-b08 mixed mode windows-amd64 compressed oops)
Heap:
 PSYoungGen      total 431104K, used 262218K [0x00000000e0000000, 0x00000000ff880000, 0x0000000100000000)
  eden space 344576K, 67% used [0x00000000e0000000,0x00000000ee1e3c70,0x00000000f5080000)
  from space 86528K, 35% used [0x00000000f5080000,0x00000000f6eaed60,0x00000000fa500000)
  to   space 81920K, 0% used [0x00000000fa880000,0x00000000fa880000,0x00000000ff880000)
 ParOldGen       total 292864K, used 91139K [0x00000000a0000000, 0x00000000b1e00000, 0x00000000e0000000)
  object space 292864K, 31% used [0x00000000a0000000,0x00000000a5900dd8,0x00000000b1e00000)
 Metaspace       used 151096K, capacity 159892K, committed 160256K, reserved 1189888K
  class space    used 18570K, capacity 20468K, committed 20480K, reserved 1048576K
GC Heap History (10 events):
Event: 29457.954 GC heap before
{Heap before GC invocations=126 (full 5):
 PSYoungGen      total 427520K, used 336446K [0x00000000e0000000, 0x00000000fff80000, 0x0000000100000000)
  eden space 331264K, 100% used [0x00000000e0000000,0x00000000f4380000,0x00000000f4380000)
  from space 96256K, 5% used [0x00000000fa180000,0x00000000fa68f888,0x00000000fff80000)
  to   space 96256K, 0% used [0x00000000f4380000,0x00000000f4380000,0x00000000fa180000)
 ParOldGen       total 292864K, used 90902K [0x00000000a0000000, 0x00000000b1e00000, 0x00000000e0000000)
  object space 292864K, 31% used [0x00000000a0000000,0x00000000a58c5ac0,0x00000000b1e00000)
 Metaspace       used 135161K, capacity 143876K, committed 144128K, reserved 1175552K
  class space    used 16731K, capacity 18608K, committed 18688K, reserved 1048576K
Event: 29458.037 GC heap after
Heap after GC invocations=126 (full 5):
 PSYoungGen      total 360448K, used 29010K [0x00000000e0000000, 0x00000000ff700000, 0x0000000100000000)
  eden space 331264K, 0% used [0x00000000e0000000,0x00000000e0000000,0x00000000f4380000)
  from space 29184K, 99% used [0x00000000f4380000,0x00000000f5fd4888,0x00000000f6000000)
  to   space 91648K, 0% used [0x00000000f9d80000,0x00000000f9d80000,0x00000000ff700000)
 ParOldGen       total 292864K, used 90910K [0x00000000a0000000, 0x00000000b1e00000, 0x00000000e0000000)
  object space 292864K, 31% used [0x00000000a0000000,0x00000000a58c7ac0,0x00000000b1e00000)
 Metaspace       used 135161K, capacity 143876K, committed 144128K, reserved 1175552K
  class space    used 16731K, capacity 18608K, committed 18688K, reserved 1048576K
}
Event: 29458.878 GC heap before
{Heap before GC invocations=127 (full 5):
 PSYoungGen      total 360448K, used 359264K [0x00000000e0000000, 0x00000000ff700000, 0x0000000100000000)
  eden space 331264K, 99% used [0x00000000e0000000,0x00000000f4283b20,0x00000000f4380000)
  from space 29184K, 99% used [0x00000000f4380000,0x00000000f5fd4888,0x00000000f6000000)
  to   space 91648K, 0% used [0x00000000f9d80000,0x00000000f9d80000,0x00000000ff700000)
 ParOldGen       total 292864K, used 90910K [0x00000000a0000000, 0x00000000b1e00000, 0x00000000e0000000)
  object space 292864K, 31% used [0x00000000a0000000,0x00000000a58c7ac0,0x00000000b1e00000)
 Metaspace       used 135161K, capacity 143876K, committed 144128K, reserved 1175552K
  class space    used 16731K, capacity 18608K, committed 18688K, reserved 1048576K
Event: 29458.927 GC heap after
Heap after GC invocations=127 (full 5):
 PSYoungGen      total 428544K, used 31126K [0x00000000e0000000, 0x0000000100000000, 0x0000000100000000)
  eden space 336896K, 0% used [0x00000000e0000000,0x00000000e0000000,0x00000000f4900000)
  from space 91648K, 33% used [0x00000000f9d80000,0x00000000fbbe5af8,0x00000000ff700000)
  to   space 86528K, 0% used [0x00000000f4900000,0x00000000f4900000,0x00000000f9d80000)
 ParOldGen       total 292864K, used 90918K [0x00000000a0000000, 0x00000000b1e00000, 0x00000000e0000000)
  object space 292864K, 31% used [0x00000000a0000000,0x00000000a58c9ac0,0x00000000b1e00000)
 Metaspace       used 135161K, capacity 143876K, committed 144128K, reserved 1175552K
  class space    used 16731K, capacity 18608K, committed 18688K, reserved 1048576K
}
Event: 29660.503 GC heap before
{Heap before GC invocations=128 (full 5):
 PSYoungGen      total 428544K, used 368022K [0x00000000e0000000, 0x0000000100000000, 0x0000000100000000)
  eden space 336896K, 100% used [0x00000000e0000000,0x00000000f4900000,0x00000000f4900000)
  from space 91648K, 33% used [0x00000000f9d80000,0x00000000fbbe5af8,0x00000000ff700000)
  to   space 86528K, 0% used [0x00000000f4900000,0x00000000f4900000,0x00000000f9d80000)
 ParOldGen       total 292864K, used 90918K [0x00000000a0000000, 0x00000000b1e00000, 0x00000000e0000000)
  object space 292864K, 31% used [0x00000000a0000000,0x00000000a58c9ac0,0x00000000b1e00000)
 Metaspace       used 135233K, capacity 143940K, committed 144384K, reserved 1175552K
  class space    used 16740K, capacity 18608K, committed 18688K, reserved 1048576K
Event: 29660.525 GC heap after
Heap after GC invocations=128 (full 5):
 PSYoungGen      total 423424K, used 13459K [0x00000000e0000000, 0x00000000ff800000, 0x0000000100000000)
  eden space 336896K, 0% used [0x00000000e0000000,0x00000000e0000000,0x00000000f4900000)
  from space 86528K, 15% used [0x00000000f4900000,0x00000000f5624ec0,0x00000000f9d80000)
  to   space 84992K, 0% used [0x00000000fa500000,0x00000000fa500000,0x00000000ff800000)
 ParOldGen       total 292864K, used 90926K [0x00000000a0000000, 0x00000000b1e00000, 0x00000000e0000000)
  object space 292864K, 31% used [0x00000000a0000000,0x00000000a58cbac0,0x00000000b1e00000)
 Metaspace       used 135233K, capacity 143940K, committed 144384K, reserved 1175552K
  class space    used 16740K, capacity 18608K, committed 18688K, reserved 1048576K
}
Event: 29665.291 GC heap before
{Heap before GC invocations=129 (full 5):
 PSYoungGen      total 423424K, used 349663K [0x00000000e0000000, 0x00000000ff800000, 0x0000000100000000)
  eden space 336896K, 99% used [0x00000000e0000000,0x00000000f4852fa8,0x00000000f4900000)
  from space 86528K, 15% used [0x00000000f4900000,0x00000000f5624ec0,0x00000000f9d80000)
  to   space 84992K, 0% used [0x00000000fa500000,0x00000000fa500000,0x00000000ff800000)
 ParOldGen       total 292864K, used 90926K [0x00000000a0000000, 0x00000000b1e00000, 0x00000000e0000000)
  object space 292864K, 31% used [0x00000000a0000000,0x00000000a58cbac0,0x00000000b1e00000)
 Metaspace       used 151023K, capacity 159828K, committed 160256K, reserved 1189888K
  class space    used 18562K, capacity 20468K, committed 20480K, reserved 1048576K
Event: 29665.394 GC heap after
Heap after GC invocations=129 (full 5):
 PSYoungGen      total 429568K, used 51056K [0x00000000e0000000, 0x0000000100000000, 0x0000000100000000)
  eden space 344576K, 0% used [0x00000000e0000000,0x00000000e0000000,0x00000000f5080000)
  from space 84992K, 60% used [0x00000000fa500000,0x00000000fd6dc2f0,0x00000000ff800000)
  to   space 86528K, 0% used [0x00000000f5080000,0x00000000f5080000,0x00000000fa500000)
 ParOldGen       total 292864K, used 90934K [0x00000000a0000000, 0x00000000b1e00000, 0x00000000e0000000)
  object space 292864K, 31% used [0x00000000a0000000,0x00000000a58cdac0,0x00000000b1e00000)
 Metaspace       used 151023K, capacity 159828K, committed 160256K, reserved 1189888K
  class space    used 18562K, capacity 20468K, committed 20480K, reserved 1048576K
}
Event: 29665.459 GC heap before
{Heap before GC invocations=130 (full 5):
 PSYoungGen      total 429568K, used 395010K [0x00000000e0000000, 0x0000000100000000, 0x0000000100000000)
  eden space 344576K, 99% used [0x00000000e0000000,0x00000000f4fe45a0,0x00000000f5080000)
  from space 84992K, 60% used [0x00000000fa500000,0x00000000fd6dc2f0,0x00000000ff800000)
  to   space 86528K, 0% used [0x00000000f5080000,0x00000000f5080000,0x00000000fa500000)
 ParOldGen       total 292864K, used 90934K [0x00000000a0000000, 0x00000000b1e00000, 0x00000000e0000000)
  object space 292864K, 31% used [0x00000000a0000000,0x00000000a58cdac0,0x00000000b1e00000)
 Metaspace       used 151023K, capacity 159828K, committed 160256K, reserved 1189888K
  class space    used 18562K, capacity 20468K, committed 20480K, reserved 1048576K
Event: 29665.512 GC heap after
Heap after GC invocations=130 (full 5):
 PSYoungGen      total 431104K, used 30907K [0x00000000e0000000, 0x00000000ff880000, 0x0000000100000000)
  eden space 344576K, 0% used [0x00000000e0000000,0x00000000e0000000,0x00000000f5080000)
  from space 86528K, 35% used [0x00000000f5080000,0x00000000f6eaed60,0x00000000fa500000)
  to   space 81920K, 0% used [0x00000000fa880000,0x00000000fa880000,0x00000000ff880000)
 ParOldGen       total 292864K, used 91139K [0x00000000a0000000, 0x00000000b1e00000, 0x00000000e0000000)
  object space 292864K, 31% used [0x00000000a0000000,0x00000000a5900dd8,0x00000000b1e00000)
 Metaspace       used 151023K, capacity 159828K, committed 160256K, reserved 1189888K
  class space    used 18562K, capacity 20468K, committed 20480K, reserved 1048576K
}

